# JRE version: OpenJDK Runtime Environment (8.0_152-b01) (build 1.8.0_152-release-915-b01)
# Java VM: OpenJDK 64-Bit Server VM (25.152-b01 mixed mode windows-amd64 compressed oops)
Heap:
 PSYoungGen      total 81408K, used 74276K [0x00000000e0000000, 0x00000000e7680000, 0x0000000100000000)
  eden space 64000K, 99% used [0x00000000e0000000,0x00000000e3e6ccf0,0x00000000e3e80000)
  from space 17408K, 59% used [0x00000000e3e80000,0x00000000e489c3a8,0x00000000e4f80000)
  to   space 17408K, 0% used [0x00000000e6580000,0x00000000e6580000,0x00000000e7680000)
 ParOldGen       total 258048K, used 240052K [0x00000000a0000000, 0x00000000afc00000, 0x00000000e0000000)
  object space 258048K, 93% used [0x00000000a0000000,0x00000000aea6d130,0x00000000afc00000)
 Metaspace       used 43432K, capacity 44144K, committed 44416K, reserved 1087488K
  class space    used 5579K, capacity 5750K, committed 5760K, reserved 1048576K
GC Heap History (10 events):
Event: 10.927 GC heap before
{Heap before GC invocations=18 (full 3):
 PSYoungGen      total 48128K, used 44807K [0x00000000e0000000, 0x00000000e3d00000, 0x0000000100000000)
  eden space 37888K, 100% used [0x00000000e0000000,0x00000000e2500000,0x00000000e2500000)
  from space 10240K, 67% used [0x00000000e3300000,0x00000000e39c1d98,0x00000000e3d00000)
  to   space 12288K, 0% used [0x00000000e2500000,0x00000000e2500000,0x00000000e3100000)
 ParOldGen       total 50688K, used 14311K [0x00000000a0000000, 0x00000000a3180000, 0x00000000e0000000)
  object space 50688K, 28% used [0x00000000a0000000,0x00000000a0df9e50,0x00000000a3180000)
 Metaspace       used 39193K, capacity 39790K, committed 40320K, reserved 1085440K
  class space    used 4989K, capacity 5131K, committed 5248K, reserved 1048576K
Event: 10.950 GC heap after
Heap after GC invocations=18 (full 3):
 PSYoungGen      total 50176K, used 12269K [0x00000000e0000000, 0x00000000e4f80000, 0x0000000100000000)
  eden space 37888K, 0% used [0x00000000e0000000,0x00000000e0000000,0x00000000e2500000)
  from space 12288K, 99% used [0x00000000e2500000,0x00000000e30fb630,0x00000000e3100000)
  to   space 14848K, 0% used [0x00000000e4100000,0x00000000e4100000,0x00000000e4f80000)
 ParOldGen       total 50688K, used 16887K [0x00000000a0000000, 0x00000000a3180000, 0x00000000e0000000)
  object space 50688K, 33% used [0x00000000a0000000,0x00000000a107dd30,0x00000000a3180000)
 Metaspace       used 39193K, capacity 39790K, committed 40320K, reserved 1085440K
  class space    used 4989K, capacity 5131K, committed 5248K, reserved 1048576K
}
Event: 12.880 GC heap before
{Heap before GC invocations=19 (full 3):
 PSYoungGen      total 50176K, used 47378K [0x00000000e0000000, 0x00000000e4f80000, 0x0000000100000000)
  eden space 37888K, 92% used [0x00000000e0000000,0x00000000e2249440,0x00000000e2500000)
  from space 12288K, 99% used [0x00000000e2500000,0x00000000e30fb630,0x00000000e3100000)
  to   space 14848K, 0% used [0x00000000e4100000,0x00000000e4100000,0x00000000e4f80000)
 ParOldGen       total 92160K, used 57914K [0x00000000a0000000, 0x00000000a5a00000, 0x00000000e0000000)
  object space 92160K, 62% used [0x00000000a0000000,0x00000000a388eb98,0x00000000a5a00000)
 Metaspace       used 41356K, capacity 42020K, committed 42368K, reserved 1085440K
  class space    used 5334K, capacity 5476K, committed 5504K, reserved 1048576K
Event: 12.908 GC heap after
Heap after GC invocations=19 (full 3):
 PSYoungGen      total 63488K, used 14847K [0x00000000e0000000, 0x00000000e5480000, 0x0000000100000000)
  eden space 48640K, 0% used [0x00000000e0000000,0x00000000e0000000,0x00000000e2f80000)
  from space 14848K, 99% used [0x00000000e4100000,0x00000000e4f7ff10,0x00000000e4f80000)
  to   space 17920K, 0% used [0x00000000e2f80000,0x00000000e2f80000,0x00000000e4100000)
 ParOldGen       total 92160K, used 60808K [0x00000000a0000000, 0x00000000a5a00000, 0x00000000e0000000)
  object space 92160K, 65% used [0x00000000a0000000,0x00000000a3b62118,0x00000000a5a00000)
 Metaspace       used 41356K, capacity 42020K, committed 42368K, reserved 1085440K
  class space    used 5334K, capacity 5476K, committed 5504K, reserved 1048576K
}
Event: 13.157 GC heap before
{Heap before GC invocations=20 (full 3):
 PSYoungGen      total 63488K, used 61346K [0x00000000e0000000, 0x00000000e5480000, 0x0000000100000000)
  eden space 48640K, 95% used [0x00000000e0000000,0x00000000e2d68b28,0x00000000e2f80000)
  from space 14848K, 99% used [0x00000000e4100000,0x00000000e4f7ff10,0x00000000e4f80000)
  to   space 17920K, 0% used [0x00000000e2f80000,0x00000000e2f80000,0x00000000e4100000)
 ParOldGen       total 216576K, used 183891K [0x00000000a0000000, 0x00000000ad380000, 0x00000000e0000000)
  object space 216576K, 84% used [0x00000000a0000000,0x00000000ab394c50,0x00000000ad380000)
 Metaspace       used 42206K, capacity 42902K, committed 43264K, reserved 1087488K
  class space    used 5446K, capacity 5617K, committed 5632K, reserved 1048576K
Event: 13.195 GC heap after
Heap after GC invocations=20 (full 3):
 PSYoungGen      total 66560K, used 5895K [0x00000000e0000000, 0x00000000e6480000, 0x0000000100000000)
  eden space 48640K, 0% used [0x00000000e0000000,0x00000000e0000000,0x00000000e2f80000)
  from space 17920K, 32% used [0x00000000e2f80000,0x00000000e3541f58,0x00000000e4100000)
  to   space 17408K, 0% used [0x00000000e5380000,0x00000000e5380000,0x00000000e6480000)
 ParOldGen       total 216576K, used 193734K [0x00000000a0000000, 0x00000000ad380000, 0x00000000e0000000)
  object space 216576K, 89% used [0x00000000a0000000,0x00000000abd318e0,0x00000000ad380000)
 Metaspace       used 42206K, capacity 42902K, committed 43264K, reserved 1087488K
  class space    used 5446K, capacity 5617K, committed 5632K, reserved 1048576K
}
Event: 13.267 GC heap before
{Heap before GC invocations=21 (full 3):
 PSYoungGen      total 66560K, used 32261K [0x00000000e0000000, 0x00000000e6480000, 0x0000000100000000)
  eden space 48640K, 54% used [0x00000000e0000000,0x00000000e19bf598,0x00000000e2f80000)
  from space 17920K, 32% used [0x00000000e2f80000,0x00000000e3541f58,0x00000000e4100000)
  to   space 17408K, 0% used [0x00000000e5380000,0x00000000e5380000,0x00000000e6480000)
 ParOldGen       total 258048K, used 234761K [0x00000000a0000000, 0x00000000afc00000, 0x00000000e0000000)
  object space 258048K, 90% used [0x00000000a0000000,0x00000000ae542748,0x00000000afc00000)
 Metaspace       used 42438K, capacity 43138K, committed 43648K, reserved 1087488K
  class space    used 5482K, capacity 5651K, committed 5760K, reserved 1048576K
Event: 13.290 GC heap after
Heap after GC invocations=21 (full 3):
 PSYoungGen      total 77312K, used 10573K [0x00000000e0000000, 0x00000000e6080000, 0x0000000100000000)
  eden space 64000K, 0% used [0x00000000e0000000,0x00000000e0000000,0x00000000e3e80000)
  from space 13312K, 79% used [0x00000000e5380000,0x00000000e5dd37b0,0x00000000e6080000)
  to   space 17408K, 0% used [0x00000000e3e80000,0x00000000e3e80000,0x00000000e4f80000)
 ParOldGen       total 258048K, used 240012K [0x00000000a0000000, 0x00000000afc00000, 0x00000000e0000000)
  object space 258048K, 93% used [0x00000000a0000000,0x00000000aea63130,0x00000000afc00000)
 Metaspace       used 42438K, capacity 43138K, committed 43648K, reserved 1087488K
  class space    used 5482K, capacity 5651K, committed 5760K, reserved 1048576K
}
Event: 13.296 GC heap before
{Heap before GC invocations=22 (full 3):
 PSYoungGen      total 77312K, used 67042K [0x00000000e0000000, 0x00000000e6080000, 0x0000000100000000)
  eden space 64000K, 88% used [0x00000000e0000000,0x00000000e3725210,0x00000000e3e80000)
  from space 13312K, 79% used [0x00000000e5380000,0x00000000e5dd37b0,0x00000000e6080000)
  to   space 17408K, 0% used [0x00000000e3e80000,0x00000000e3e80000,0x00000000e4f80000)
 ParOldGen       total 258048K, used 240012K [0x00000000a0000000, 0x00000000afc00000, 0x00000000e0000000)
  object space 258048K, 93% used [0x00000000a0000000,0x00000000aea63130,0x00000000afc00000)
 Metaspace       used 42443K, capacity 43144K, committed 43648K, reserved 1087488K
  class space    used 5483K, capacity 5652K, committed 5760K, reserved 1048576K
Event: 13.306 GC heap after
Heap after GC invocations=22 (full 3):
 PSYoungGen      total 81408K, used 10352K [0x00000000e0000000, 0x00000000e7680000, 0x0000000100000000)
  eden space 64000K, 0% used [0x00000000e0000000,0x00000000e0000000,0x00000000e3e80000)
  from space 17408K, 59% used [0x00000000e3e80000,0x00000000e489c3a8,0x00000000e4f80000)
  to   space 17408K, 0% used [0x00000000e6580000,0x00000000e6580000,0x00000000e7680000)
 ParOldGen       total 258048K, used 240052K [0x00000000a0000000, 0x00000000afc00000, 0x00000000e0000000)
  object space 258048K, 93% used [0x00000000a0000000,0x00000000aea6d130,0x00000000afc00000)
 Metaspace       used 42443K, capacity 43144K, committed 43648K, reserved 1087488K
  class space    used 5483K, capacity 5652K, committed 5760K, reserved 1048576K
}

