# JRE version: OpenJDK Runtime Environment (8.0_152-b01) (build 1.8.0_152-release-915-b01)
# Java VM: OpenJDK 64-Bit Server VM (25.152-b01 mixed mode windows-amd64 compressed oops)
Heap:
 PSYoungGen      total 448000K, used 192739K [0x00000000e0000000, 0x00000000ffb80000, 0x0000000100000000)
  eden space 381440K, 45% used [0x00000000e0000000,0x00000000eaaa2fd8,0x00000000f7480000)
  from space 66560K, 27% used [0x00000000fba80000,0x00000000fcc15d50,0x00000000ffb80000)
  to   space 69120K, 0% used [0x00000000f7480000,0x00000000f7480000,0x00000000fb800000)
 ParOldGen       total 140800K, used 106394K [0x00000000a0000000, 0x00000000a8980000, 0x00000000e0000000)
  object space 140800K, 75% used [0x00000000a0000000,0x00000000a67e69a0,0x00000000a8980000)
 Metaspace       used 113567K, capacity 124270K, committed 124416K, reserved 1157120K
  class space    used 14597K, capacity 17108K, committed 17152K, reserved 1048576K
GC Heap History (10 events):
Event: 8295.493 GC heap before
{Heap before GC invocations=45 (full 5):
 PSYoungGen      total 443904K, used 399006K [0x00000000e0000000, 0x0000000100000000, 0x0000000100000000)
  eden space 363520K, 99% used [0x00000000e0000000,0x00000000f62445d8,0x00000000f6300000)
  from space 80384K, 45% used [0x00000000f6300000,0x00000000f86632a8,0x00000000fb180000)
  to   space 76288K, 0% used [0x00000000fb580000,0x00000000fb580000,0x0000000100000000)
 ParOldGen       total 140800K, used 92450K [0x00000000a0000000, 0x00000000a8980000, 0x00000000e0000000)
  object space 140800K, 65% used [0x00000000a0000000,0x00000000a5a48aa8,0x00000000a8980000)
 Metaspace       used 107948K, capacity 115912K, committed 117120K, reserved 1150976K
  class space    used 13655K, capacity 15551K, committed 15744K, reserved 1048576K
Event: 8295.562 GC heap after
Heap after GC invocations=45 (full 5):
 PSYoungGen      total 432640K, used 30966K [0x00000000e0000000, 0x00000000ff500000, 0x0000000100000000)
  eden space 367616K, 0% used [0x00000000e0000000,0x00000000e0000000,0x00000000f6700000)
  from space 65024K, 47% used [0x00000000fb580000,0x00000000fd3bd830,0x00000000ff500000)
  to   space 72704K, 0% used [0x00000000f6700000,0x00000000f6700000,0x00000000fae00000)
 ParOldGen       total 140800K, used 98074K [0x00000000a0000000, 0x00000000a8980000, 0x00000000e0000000)
  object space 140800K, 69% used [0x00000000a0000000,0x00000000a5fc6aa8,0x00000000a8980000)
 Metaspace       used 107948K, capacity 115912K, committed 117120K, reserved 1150976K
  class space    used 13655K, capacity 15551K, committed 15744K, reserved 1048576K
}
Event: 9737.957 GC heap before
{Heap before GC invocations=46 (full 5):
 PSYoungGen      total 432640K, used 398582K [0x00000000e0000000, 0x00000000ff500000, 0x0000000100000000)
  eden space 367616K, 100% used [0x00000000e0000000,0x00000000f6700000,0x00000000f6700000)
  from space 65024K, 47% used [0x00000000fb580000,0x00000000fd3bd830,0x00000000ff500000)
  to   space 72704K, 0% used [0x00000000f6700000,0x00000000f6700000,0x00000000fae00000)
 ParOldGen       total 140800K, used 98074K [0x00000000a0000000, 0x00000000a8980000, 0x00000000e0000000)
  object space 140800K, 69% used [0x00000000a0000000,0x00000000a5fc6aa8,0x00000000a8980000)
 Metaspace       used 109872K, capacity 119122K, committed 119424K, reserved 1153024K
  class space    used 13999K, capacity 16155K, committed 16256K, reserved 1048576K
Event: 9738.063 GC heap after
Heap after GC invocations=46 (full 5):
 PSYoungGen      total 440320K, used 13890K [0x00000000e0000000, 0x0000000100000000, 0x0000000100000000)
  eden space 367616K, 0% used [0x00000000e0000000,0x00000000e0000000,0x00000000f6700000)
  from space 72704K, 19% used [0x00000000f6700000,0x00000000f7490810,0x00000000fae00000)
  to   space 72192K, 0% used [0x00000000fb980000,0x00000000fb980000,0x0000000100000000)
 ParOldGen       total 140800K, used 100186K [0x00000000a0000000, 0x00000000a8980000, 0x00000000e0000000)
  object space 140800K, 71% used [0x00000000a0000000,0x00000000a61d6ab8,0x00000000a8980000)
 Metaspace       used 109872K, capacity 119122K, committed 119424K, reserved 1153024K
  class space    used 13999K, capacity 16155K, committed 16256K, reserved 1048576K
}
Event: 10106.592 GC heap before
{Heap before GC invocations=47 (full 5):
 PSYoungGen      total 440320K, used 381506K [0x00000000e0000000, 0x0000000100000000, 0x0000000100000000)
  eden space 367616K, 100% used [0x00000000e0000000,0x00000000f6700000,0x00000000f6700000)
  from space 72704K, 19% used [0x00000000f6700000,0x00000000f7490810,0x00000000fae00000)
  to   space 72192K, 0% used [0x00000000fb980000,0x00000000fb980000,0x0000000100000000)
 ParOldGen       total 140800K, used 100186K [0x00000000a0000000, 0x00000000a8980000, 0x00000000e0000000)
  object space 140800K, 71% used [0x00000000a0000000,0x00000000a61d6ab8,0x00000000a8980000)
 Metaspace       used 111313K, capacity 121356K, committed 121600K, reserved 1155072K
  class space    used 14251K, capacity 16570K, committed 16640K, reserved 1048576K
Event: 10106.623 GC heap after
Heap after GC invocations=47 (full 5):
 PSYoungGen      total 450048K, used 12003K [0x00000000e0000000, 0x00000000ffe80000, 0x0000000100000000)
  eden space 379392K, 0% used [0x00000000e0000000,0x00000000e0000000,0x00000000f7280000)
  from space 70656K, 16% used [0x00000000fb980000,0x00000000fc538c28,0x00000000ffe80000)
  to   space 71680K, 0% used [0x00000000f7280000,0x00000000f7280000,0x00000000fb880000)
 ParOldGen       total 140800K, used 104146K [0x00000000a0000000, 0x00000000a8980000, 0x00000000e0000000)
  object space 140800K, 73% used [0x00000000a0000000,0x00000000a65b4ad8,0x00000000a8980000)
 Metaspace       used 111313K, capacity 121356K, committed 121600K, reserved 1155072K
  class space    used 14251K, capacity 16570K, committed 16640K, reserved 1048576K
}
Event: 10170.843 GC heap before
{Heap before GC invocations=48 (full 5):
 PSYoungGen      total 450048K, used 391395K [0x00000000e0000000, 0x00000000ffe80000, 0x0000000100000000)
  eden space 379392K, 100% used [0x00000000e0000000,0x00000000f7280000,0x00000000f7280000)
  from space 70656K, 16% used [0x00000000fb980000,0x00000000fc538c28,0x00000000ffe80000)
  to   space 71680K, 0% used [0x00000000f7280000,0x00000000f7280000,0x00000000fb880000)
 ParOldGen       total 140800K, used 104146K [0x00000000a0000000, 0x00000000a8980000, 0x00000000e0000000)
  object space 140800K, 73% used [0x00000000a0000000,0x00000000a65b4ad8,0x00000000a8980000)
 Metaspace       used 111567K, capacity 121704K, committed 121856K, reserved 1155072K
  class space    used 14260K, capacity 16586K, committed 16640K, reserved 1048576K
Event: 10170.892 GC heap after
Heap after GC invocations=48 (full 5):
 PSYoungGen      total 451072K, used 39311K [0x00000000e0000000, 0x0000000100000000, 0x0000000100000000)
  eden space 379392K, 0% used [0x00000000e0000000,0x00000000e0000000,0x00000000f7280000)
  from space 71680K, 54% used [0x00000000f7280000,0x00000000f98e3e58,0x00000000fb880000)
  to   space 71168K, 0% used [0x00000000fba80000,0x00000000fba80000,0x0000000100000000)
 ParOldGen       total 140800K, used 106386K [0x00000000a0000000, 0x00000000a8980000, 0x00000000e0000000)
  object space 140800K, 75% used [0x00000000a0000000,0x00000000a67e49a0,0x00000000a8980000)
 Metaspace       used 111567K, capacity 121704K, committed 121856K, reserved 1155072K
  class space    used 14260K, capacity 16586K, committed 16640K, reserved 1048576K
}
Event: 10508.101 GC heap before
{Heap before GC invocations=49 (full 5):
 PSYoungGen      total 451072K, used 418703K [0x00000000e0000000, 0x0000000100000000, 0x0000000100000000)
  eden space 379392K, 100% used [0x00000000e0000000,0x00000000f7280000,0x00000000f7280000)
  from space 71680K, 54% used [0x00000000f7280000,0x00000000f98e3e58,0x00000000fb880000)
  to   space 71168K, 0% used [0x00000000fba80000,0x00000000fba80000,0x0000000100000000)
 ParOldGen       total 140800K, used 106386K [0x00000000a0000000, 0x00000000a8980000, 0x00000000e0000000)
  object space 140800K, 75% used [0x00000000a0000000,0x00000000a67e49a0,0x00000000a8980000)
 Metaspace       used 113342K, capacity 123796K, committed 124032K, reserved 1157120K
  class space    used 14561K, capacity 17021K, committed 17024K, reserved 1048576K
Event: 10508.127 GC heap after
Heap after GC invocations=49 (full 5):
 PSYoungGen      total 448000K, used 18007K [0x00000000e0000000, 0x00000000ffb80000, 0x0000000100000000)
  eden space 381440K, 0% used [0x00000000e0000000,0x00000000e0000000,0x00000000f7480000)
  from space 66560K, 27% used [0x00000000fba80000,0x00000000fcc15d50,0x00000000ffb80000)
  to   space 69120K, 0% used [0x00000000f7480000,0x00000000f7480000,0x00000000fb800000)
 ParOldGen       total 140800K, used 106394K [0x00000000a0000000, 0x00000000a8980000, 0x00000000e0000000)
  object space 140800K, 75% used [0x00000000a0000000,0x00000000a67e69a0,0x00000000a8980000)
 Metaspace       used 113342K, capacity 123796K, committed 124032K, reserved 1157120K
  class space    used 14561K, capacity 17021K, committed 17024K, reserved 1048576K
}

